0 info it worked if it ends with ok
1 verbose cli [ '/Users/donalhunt/.nvm/versions/node/v5.5.0/bin/node',
1 verbose cli   '/Users/donalhunt/.nvm/versions/node/v5.5.0/bin/npm',
1 verbose cli   'install',
1 verbose cli   'v10.15.3' ]
2 info using npm@3.3.12
3 info using node@v5.5.0
4 silly loadCurrentTree Starting
5 silly install loadCurrentTree
6 silly install readLocalPackageData
7 silly fetchPackageMetaData v10.15.3
8 silly fetchNamedPackageData v10.15.3
9 silly mapToRegistry name v10.15.3
10 silly mapToRegistry using default registry
11 silly mapToRegistry registry https://registry.npmjs.org/
12 silly mapToRegistry uri https://registry.npmjs.org/v10.15.3
13 verbose request uri https://registry.npmjs.org/v10.15.3
14 verbose request no auth needed
15 info attempt registry request try #1 at 2:49:08 PM
16 verbose request id 1cf27515c3876f2c
17 http request GET https://registry.npmjs.org/v10.15.3
18 http 404 https://registry.npmjs.org/v10.15.3
19 verbose headers { date: 'Mon, 17 Jun 2019 13:49:09 GMT',
19 verbose headers   'content-type': 'application/json',
19 verbose headers   'content-length': '21',
19 verbose headers   connection: 'keep-alive',
19 verbose headers   'set-cookie': [ '__cfduid=db621a97722149c75955ecbc2b111c5921560779348; expires=Tue, 16-Jun-20 13:49:08 GMT; path=/; domain=.npmjs.org; HttpOnly' ],
19 verbose headers   'cf-cache-status': 'MISS',
19 verbose headers   'cache-control': 'max-age=300',
19 verbose headers   'cf-ray': '4e857c30f8c2a66f-DUB',
19 verbose headers   'expect-ct': 'max-age=604800, report-uri="https://report-uri.cloudflare.com/cdn-cgi/beacon/expect-ct"',
19 verbose headers   vary: 'accept-encoding, accept',
19 verbose headers   server: 'cloudflare' }
20 silly get cb [ 404,
20 silly get   { date: 'Mon, 17 Jun 2019 13:49:09 GMT',
20 silly get     'content-type': 'application/json',
20 silly get     'content-length': '21',
20 silly get     connection: 'keep-alive',
20 silly get     'set-cookie': [ '__cfduid=db621a97722149c75955ecbc2b111c5921560779348; expires=Tue, 16-Jun-20 13:49:08 GMT; path=/; domain=.npmjs.org; HttpOnly' ],
20 silly get     'cf-cache-status': 'MISS',
20 silly get     'cache-control': 'max-age=300',
20 silly get     'cf-ray': '4e857c30f8c2a66f-DUB',
20 silly get     'expect-ct': 'max-age=604800, report-uri="https://report-uri.cloudflare.com/cdn-cgi/beacon/expect-ct"',
20 silly get     vary: 'accept-encoding, accept',
20 silly get     server: 'cloudflare' } ]
21 silly fetchPackageMetaData Error: Not found : v10.15.3
21 silly fetchPackageMetaData     at makeError (/Users/donalhunt/.nvm/versions/node/v5.5.0/lib/node_modules/npm/node_modules/npm-registry-client/lib/request.js:264:12)
21 silly fetchPackageMetaData     at CachingRegistryClient.<anonymous> (/Users/donalhunt/.nvm/versions/node/v5.5.0/lib/node_modules/npm/node_modules/npm-registry-client/lib/request.js:252:14)
21 silly fetchPackageMetaData     at Request._callback (/Users/donalhunt/.nvm/versions/node/v5.5.0/lib/node_modules/npm/node_modules/npm-registry-client/lib/request.js:172:14)
21 silly fetchPackageMetaData     at Request.self.callback (/Users/donalhunt/.nvm/versions/node/v5.5.0/lib/node_modules/npm/node_modules/request/request.js:198:22)
21 silly fetchPackageMetaData     at emitTwo (events.js:100:13)
21 silly fetchPackageMetaData     at Request.emit (events.js:185:7)
21 silly fetchPackageMetaData     at Request.<anonymous> (/Users/donalhunt/.nvm/versions/node/v5.5.0/lib/node_modules/npm/node_modules/request/request.js:1082:10)
21 silly fetchPackageMetaData     at emitOne (events.js:95:20)
21 silly fetchPackageMetaData     at Request.emit (events.js:182:7)
21 silly fetchPackageMetaData     at IncomingMessage.<anonymous> (/Users/donalhunt/.nvm/versions/node/v5.5.0/lib/node_modules/npm/node_modules/request/request.js:1009:12)
21 silly fetchPackageMetaData  error for v10.15.3 { [Error: Not found : v10.15.3] pkgid: 'v10.15.3', statusCode: 404, code: 'E404' }
22 silly rollbackFailedOptional Starting
23 silly rollbackFailedOptional Finishing
24 silly runTopLevelLifecycles Starting
25 silly runTopLevelLifecycles Finishing
26 silly install printInstalled
27 verbose stack Error: Not found : v10.15.3
27 verbose stack     at makeError (/Users/donalhunt/.nvm/versions/node/v5.5.0/lib/node_modules/npm/node_modules/npm-registry-client/lib/request.js:264:12)
27 verbose stack     at CachingRegistryClient.<anonymous> (/Users/donalhunt/.nvm/versions/node/v5.5.0/lib/node_modules/npm/node_modules/npm-registry-client/lib/request.js:252:14)
27 verbose stack     at Request._callback (/Users/donalhunt/.nvm/versions/node/v5.5.0/lib/node_modules/npm/node_modules/npm-registry-client/lib/request.js:172:14)
27 verbose stack     at Request.self.callback (/Users/donalhunt/.nvm/versions/node/v5.5.0/lib/node_modules/npm/node_modules/request/request.js:198:22)
27 verbose stack     at emitTwo (events.js:100:13)
27 verbose stack     at Request.emit (events.js:185:7)
27 verbose stack     at Request.<anonymous> (/Users/donalhunt/.nvm/versions/node/v5.5.0/lib/node_modules/npm/node_modules/request/request.js:1082:10)
27 verbose stack     at emitOne (events.js:95:20)
27 verbose stack     at Request.emit (events.js:182:7)
27 verbose stack     at IncomingMessage.<anonymous> (/Users/donalhunt/.nvm/versions/node/v5.5.0/lib/node_modules/npm/node_modules/request/request.js:1009:12)
28 verbose statusCode 404
29 verbose pkgid v10.15.3
30 verbose cwd /Users/donalhunt/git/startingcodingagain/functionalprogramming
31 error Darwin 17.7.0
32 error argv "/Users/donalhunt/.nvm/versions/node/v5.5.0/bin/node" "/Users/donalhunt/.nvm/versions/node/v5.5.0/bin/npm" "install" "v10.15.3"
33 error node v5.5.0
34 error npm  v3.3.12
35 error code E404
36 error 404 Not found : v10.15.3
36 error 404
36 error 404 'v10.15.3' is not in the npm registry.
36 error 404 You should bug the author to publish it (or use the name yourself!)
36 error 404
36 error 404 Note that you can also install from a
36 error 404 tarball, folder, http url, or git url.
37 verbose exit [ 1, true ]
